<?xml version="1.0" encoding="UTF-8"?>
<robot generator="Robot 4.0.1 (Python 3.9.4 on win32)" generated="20210509 17:36:12.481" rpa="false" schemaversion="2">
<suite id="s1" name="Tests" source="C:\rw5\parodifood\tests">
<suite id="s1-s1" name="Busca" source="C:\rw5\parodifood\tests\busca.robot">
<test id="s1-s1-t1" name="Deve buscar um único restaurante">
<kw name="Start Session" library="base" type="SETUP">
<kw name="New Browser" library="Browser">
<arg>chromium</arg>
<arg>False</arg>
<tag>BrowserControl</tag>
<tag>Setter</tag>
<doc>Create a new playwright Browser with specified options.
See `Browser, Context and Page` for more information about Browser and related concepts.</doc>
<msg timestamp="20210509 17:36:17.147" level="INFO">{"browser": "chromium", "headless": false, "handleSIGINT": true, "handleSIGTERM": true, "handleSIGHUP": true, "timeout": 30000.0, "devtools": false, "slowMo": 0.0}</msg>
<msg timestamp="20210509 17:36:18.566" level="INFO">Successfully created browser with options: {"browser":"chromium","headless":false,"handleSIGINT":true,"handleSIGTERM":true,"handleSIGHUP":true,"timeout":30000,"devtools":false,"slowMo":0}</msg>
<status status="PASS" starttime="20210509 17:36:17.146" endtime="20210509 17:36:18.566"/>
</kw>
<kw name="New Page" library="Browser">
<arg>http://parodifood.qaninja.academy/</arg>
<tag>BrowserControl</tag>
<tag>Setter</tag>
<doc>Open a new Page. A Page is the Playwright equivalent to a tab.
See `Browser, Context and Page` for more information about Page concept.
Returns a stable identifier for the created page.</doc>
<msg timestamp="20210509 17:36:24.090" level="INFO">Successfully initialized new page object and opened url: http://parodifood.qaninja.academy/</msg>
<status status="PASS" starttime="20210509 17:36:18.566" endtime="20210509 17:36:24.091"/>
</kw>
<kw name="Get Text" library="Browser">
<arg>css=span</arg>
<arg>contains</arg>
<arg>Nunca foi tão engraçado pedir comida</arg>
<tag>Assertion</tag>
<tag>Getter</tag>
<tag>PageContent</tag>
<doc>Returns text attribute of the element found by ``selector``.
See the `Finding elements` section for details about the selectors.</doc>
<status status="PASS" starttime="20210509 17:36:24.091" endtime="20210509 17:36:24.180"/>
</kw>
<status status="PASS" starttime="20210509 17:36:17.145" endtime="20210509 17:36:24.180"/>
</kw>
<kw name="Go To Restaurants" library="search">
<kw name="Click" library="Browser">
<arg>text=Estou com fome!</arg>
<tag>PageContent</tag>
<tag>Setter</tag>
<doc>Simulates mouse click on the element found by ``selector``.</doc>
<status status="PASS" starttime="20210509 17:36:24.181" endtime="20210509 17:36:24.276"/>
</kw>
<kw name="Get Text" library="Browser">
<arg>css=h1 strong</arg>
<arg>contains</arg>
<arg>Ta na hora de matar a fome!</arg>
<tag>Assertion</tag>
<tag>Getter</tag>
<tag>PageContent</tag>
<doc>Returns text attribute of the element found by ``selector``.
See the `Finding elements` section for details about the selectors.</doc>
<status status="PASS" starttime="20210509 17:36:24.276" endtime="20210509 17:36:24.298"/>
</kw>
<status status="PASS" starttime="20210509 17:36:24.180" endtime="20210509 17:36:24.299"/>
</kw>
<kw name="Search by" library="search">
<arg>Debuger</arg>
<kw name="Click" library="Browser">
<arg>css=.search-link</arg>
<tag>PageContent</tag>
<tag>Setter</tag>
<doc>Simulates mouse click on the element found by ``selector``.</doc>
<status status="PASS" starttime="20210509 17:36:24.300" endtime="20210509 17:36:24.360"/>
</kw>
<kw name="Fill Text" library="Browser">
<arg>css=input[formcontrolname="searchControl"]</arg>
<arg>${value}</arg>
<tag>PageContent</tag>
<tag>Setter</tag>
<doc>Clears and fills the given ``text`` into the text field found by ``selector``.</doc>
<msg timestamp="20210509 17:36:24.361" level="INFO">Fills the text 'Debuger' in the given field.</msg>
<status status="PASS" starttime="20210509 17:36:24.361" endtime="20210509 17:36:24.409"/>
</kw>
<status status="PASS" starttime="20210509 17:36:24.300" endtime="20210509 17:36:24.410"/>
</kw>
<kw name="Restaurant Should Be Visible" library="search">
<arg>DEBUGER KING</arg>
<kw name="Wait For Elements State" library="Browser">
<arg>${DIV_BOX_RESTAURANTS}</arg>
<arg>visible</arg>
<arg>10</arg>
<tag>PageContent</tag>
<tag>Wait</tag>
<doc>Waits for the element found by ``selector`` to satisfy state option.</doc>
<msg timestamp="20210509 17:36:25.447" level="INFO">Wait for Element with selector: css=div [class="place-info-box"][style="opacity: 1;"]</msg>
<status status="PASS" starttime="20210509 17:36:24.411" endtime="20210509 17:36:25.448"/>
</kw>
<kw name="Get Text" library="Browser">
<arg>${DIV_BOX_RESTAURANTS}</arg>
<arg>contains</arg>
<arg>${name}</arg>
<tag>Assertion</tag>
<tag>Getter</tag>
<tag>PageContent</tag>
<doc>Returns text attribute of the element found by ``selector``.
See the `Finding elements` section for details about the selectors.</doc>
<status status="PASS" starttime="20210509 17:36:25.448" endtime="20210509 17:36:25.470"/>
</kw>
<status status="PASS" starttime="20210509 17:36:24.411" endtime="20210509 17:36:25.470"/>
</kw>
<kw name="Restaurant Count Should Be" library="search">
<arg>1</arg>
<kw name="Wait For Elements State" library="Browser">
<arg>${DIV_BOX_RESTAURANTS}</arg>
<arg>visible</arg>
<arg>10</arg>
<tag>PageContent</tag>
<tag>Wait</tag>
<doc>Waits for the element found by ``selector`` to satisfy state option.</doc>
<msg timestamp="20210509 17:36:25.482" level="INFO">Wait for Element with selector: css=div [class="place-info-box"][style="opacity: 1;"]</msg>
<status status="PASS" starttime="20210509 17:36:25.471" endtime="20210509 17:36:25.482"/>
</kw>
<kw name="Get Element Count" library="Browser">
<arg>${DIV_BOX_RESTAURANTS}</arg>
<arg>equal</arg>
<arg>${qtd}</arg>
<tag>Assertion</tag>
<tag>Getter</tag>
<tag>PageContent</tag>
<doc>Returns the count of elements found with ``selector``.</doc>
<status status="PASS" starttime="20210509 17:36:25.483" endtime="20210509 17:36:25.491"/>
</kw>
<status status="PASS" starttime="20210509 17:36:25.471" endtime="20210509 17:36:25.491"/>
</kw>
<kw name="Take Screenshot" library="Browser" type="TEARDOWN">
<tag>PageContent</tag>
<doc>Takes a screenshot of the current window and saves it to ``path``. Saves it as a png.</doc>
<msg timestamp="20210509 17:36:25.735" level="INFO" html="true">&lt;/td&gt;&lt;/tr&gt;&lt;tr&gt;&lt;td colspan="3"&gt;&lt;a href="browser/screenshot/robotframework-browser-screenshot-1.png"&gt;&lt;img src="browser/screenshot/robotframework-browser-screenshot-1.png" width="800px"&gt;&lt;/a&gt;</msg>
<status status="PASS" starttime="20210509 17:36:25.492" endtime="20210509 17:36:25.735"/>
</kw>
<status status="PASS" starttime="20210509 17:36:17.140" endtime="20210509 17:36:25.735"/>
</test>
<test id="s1-s1-t2" name="Deve buscar uma única categoria">
<kw name="Start Session" library="base" type="SETUP">
<kw name="New Browser" library="Browser">
<arg>chromium</arg>
<arg>False</arg>
<tag>BrowserControl</tag>
<tag>Setter</tag>
<doc>Create a new playwright Browser with specified options.
See `Browser, Context and Page` for more information about Browser and related concepts.</doc>
<msg timestamp="20210509 17:36:25.844" level="INFO">{"browser": "chromium", "headless": false, "handleSIGINT": true, "handleSIGTERM": true, "handleSIGHUP": true, "timeout": 30000.0, "devtools": false, "slowMo": 0.0}</msg>
<msg timestamp="20210509 17:36:26.710" level="INFO">Successfully created browser with options: {"browser":"chromium","headless":false,"handleSIGINT":true,"handleSIGTERM":true,"handleSIGHUP":true,"timeout":30000,"devtools":false,"slowMo":0}</msg>
<status status="PASS" starttime="20210509 17:36:25.843" endtime="20210509 17:36:26.711"/>
</kw>
<kw name="New Page" library="Browser">
<arg>http://parodifood.qaninja.academy/</arg>
<tag>BrowserControl</tag>
<tag>Setter</tag>
<doc>Open a new Page. A Page is the Playwright equivalent to a tab.
See `Browser, Context and Page` for more information about Page concept.
Returns a stable identifier for the created page.</doc>
<msg timestamp="20210509 17:36:29.728" level="INFO">Successfully initialized new page object and opened url: http://parodifood.qaninja.academy/</msg>
<status status="PASS" starttime="20210509 17:36:26.711" endtime="20210509 17:36:29.728"/>
</kw>
<kw name="Get Text" library="Browser">
<arg>css=span</arg>
<arg>contains</arg>
<arg>Nunca foi tão engraçado pedir comida</arg>
<tag>Assertion</tag>
<tag>Getter</tag>
<tag>PageContent</tag>
<doc>Returns text attribute of the element found by ``selector``.
See the `Finding elements` section for details about the selectors.</doc>
<status status="PASS" starttime="20210509 17:36:29.728" endtime="20210509 17:36:29.783"/>
</kw>
<status status="PASS" starttime="20210509 17:36:25.843" endtime="20210509 17:36:29.783"/>
</kw>
<kw name="Go To Restaurants" library="search">
<kw name="Click" library="Browser">
<arg>text=Estou com fome!</arg>
<tag>PageContent</tag>
<tag>Setter</tag>
<doc>Simulates mouse click on the element found by ``selector``.</doc>
<status status="PASS" starttime="20210509 17:36:29.783" endtime="20210509 17:36:29.865"/>
</kw>
<kw name="Get Text" library="Browser">
<arg>css=h1 strong</arg>
<arg>contains</arg>
<arg>Ta na hora de matar a fome!</arg>
<tag>Assertion</tag>
<tag>Getter</tag>
<tag>PageContent</tag>
<doc>Returns text attribute of the element found by ``selector``.
See the `Finding elements` section for details about the selectors.</doc>
<status status="PASS" starttime="20210509 17:36:29.865" endtime="20210509 17:36:29.888"/>
</kw>
<status status="PASS" starttime="20210509 17:36:29.783" endtime="20210509 17:36:29.888"/>
</kw>
<kw name="Search by" library="search">
<arg>Cafe</arg>
<kw name="Click" library="Browser">
<arg>css=.search-link</arg>
<tag>PageContent</tag>
<tag>Setter</tag>
<doc>Simulates mouse click on the element found by ``selector``.</doc>
<status status="PASS" starttime="20210509 17:36:29.889" endtime="20210509 17:36:29.947"/>
</kw>
<kw name="Fill Text" library="Browser">
<arg>css=input[formcontrolname="searchControl"]</arg>
<arg>${value}</arg>
<tag>PageContent</tag>
<tag>Setter</tag>
<doc>Clears and fills the given ``text`` into the text field found by ``selector``.</doc>
<msg timestamp="20210509 17:36:29.948" level="INFO">Fills the text 'Cafe' in the given field.</msg>
<status status="PASS" starttime="20210509 17:36:29.947" endtime="20210509 17:36:29.991"/>
</kw>
<status status="PASS" starttime="20210509 17:36:29.889" endtime="20210509 17:36:29.991"/>
</kw>
<kw name="Restaurant Should Be Visible" library="search">
<arg>STARBUGS COFFEE</arg>
<kw name="Wait For Elements State" library="Browser">
<arg>${DIV_BOX_RESTAURANTS}</arg>
<arg>visible</arg>
<arg>10</arg>
<tag>PageContent</tag>
<tag>Wait</tag>
<doc>Waits for the element found by ``selector`` to satisfy state option.</doc>
<msg timestamp="20210509 17:36:31.029" level="INFO">Wait for Element with selector: css=div [class="place-info-box"][style="opacity: 1;"]</msg>
<status status="PASS" starttime="20210509 17:36:29.993" endtime="20210509 17:36:31.030"/>
</kw>
<kw name="Get Text" library="Browser">
<arg>${DIV_BOX_RESTAURANTS}</arg>
<arg>contains</arg>
<arg>${name}</arg>
<tag>Assertion</tag>
<tag>Getter</tag>
<tag>PageContent</tag>
<doc>Returns text attribute of the element found by ``selector``.
See the `Finding elements` section for details about the selectors.</doc>
<status status="PASS" starttime="20210509 17:36:31.030" endtime="20210509 17:36:31.047"/>
</kw>
<status status="PASS" starttime="20210509 17:36:29.992" endtime="20210509 17:36:31.048"/>
</kw>
<kw name="Take Screenshot" library="Browser" type="TEARDOWN">
<tag>PageContent</tag>
<doc>Takes a screenshot of the current window and saves it to ``path``. Saves it as a png.</doc>
<msg timestamp="20210509 17:36:31.210" level="INFO" html="true">&lt;/td&gt;&lt;/tr&gt;&lt;tr&gt;&lt;td colspan="3"&gt;&lt;a href="browser/screenshot/robotframework-browser-screenshot-2.png"&gt;&lt;img src="browser/screenshot/robotframework-browser-screenshot-2.png" width="800px"&gt;&lt;/a&gt;</msg>
<status status="PASS" starttime="20210509 17:36:31.048" endtime="20210509 17:36:31.210"/>
</kw>
<status status="PASS" starttime="20210509 17:36:25.839" endtime="20210509 17:36:31.211"/>
</test>
<test id="s1-s1-t3" name="Deve buscar todos os restaurantes">
<kw name="Start Session" library="base" type="SETUP">
<kw name="New Browser" library="Browser">
<arg>chromium</arg>
<arg>False</arg>
<tag>BrowserControl</tag>
<tag>Setter</tag>
<doc>Create a new playwright Browser with specified options.
See `Browser, Context and Page` for more information about Browser and related concepts.</doc>
<msg timestamp="20210509 17:36:31.279" level="INFO">{"browser": "chromium", "headless": false, "handleSIGINT": true, "handleSIGTERM": true, "handleSIGHUP": true, "timeout": 30000.0, "devtools": false, "slowMo": 0.0}</msg>
<msg timestamp="20210509 17:36:32.084" level="INFO">Successfully created browser with options: {"browser":"chromium","headless":false,"handleSIGINT":true,"handleSIGTERM":true,"handleSIGHUP":true,"timeout":30000,"devtools":false,"slowMo":0}</msg>
<status status="PASS" starttime="20210509 17:36:31.278" endtime="20210509 17:36:32.084"/>
</kw>
<kw name="New Page" library="Browser">
<arg>http://parodifood.qaninja.academy/</arg>
<tag>BrowserControl</tag>
<tag>Setter</tag>
<doc>Open a new Page. A Page is the Playwright equivalent to a tab.
See `Browser, Context and Page` for more information about Page concept.
Returns a stable identifier for the created page.</doc>
<msg timestamp="20210509 17:36:34.694" level="INFO">Successfully initialized new page object and opened url: http://parodifood.qaninja.academy/</msg>
<status status="PASS" starttime="20210509 17:36:32.084" endtime="20210509 17:36:34.694"/>
</kw>
<kw name="Get Text" library="Browser">
<arg>css=span</arg>
<arg>contains</arg>
<arg>Nunca foi tão engraçado pedir comida</arg>
<tag>Assertion</tag>
<tag>Getter</tag>
<tag>PageContent</tag>
<doc>Returns text attribute of the element found by ``selector``.
See the `Finding elements` section for details about the selectors.</doc>
<status status="PASS" starttime="20210509 17:36:34.695" endtime="20210509 17:36:34.745"/>
</kw>
<status status="PASS" starttime="20210509 17:36:31.278" endtime="20210509 17:36:34.745"/>
</kw>
<kw name="Go To Restaurants" library="search">
<kw name="Click" library="Browser">
<arg>text=Estou com fome!</arg>
<tag>PageContent</tag>
<tag>Setter</tag>
<doc>Simulates mouse click on the element found by ``selector``.</doc>
<status status="PASS" starttime="20210509 17:36:34.746" endtime="20210509 17:36:34.850"/>
</kw>
<kw name="Get Text" library="Browser">
<arg>css=h1 strong</arg>
<arg>contains</arg>
<arg>Ta na hora de matar a fome!</arg>
<tag>Assertion</tag>
<tag>Getter</tag>
<tag>PageContent</tag>
<doc>Returns text attribute of the element found by ``selector``.
See the `Finding elements` section for details about the selectors.</doc>
<status status="PASS" starttime="20210509 17:36:34.851" endtime="20210509 17:36:34.871"/>
</kw>
<status status="PASS" starttime="20210509 17:36:34.746" endtime="20210509 17:36:34.872"/>
</kw>
<kw name="Search by" library="search">
<arg>a</arg>
<kw name="Click" library="Browser">
<arg>css=.search-link</arg>
<tag>PageContent</tag>
<tag>Setter</tag>
<doc>Simulates mouse click on the element found by ``selector``.</doc>
<status status="PASS" starttime="20210509 17:36:34.873" endtime="20210509 17:36:34.915"/>
</kw>
<kw name="Fill Text" library="Browser">
<arg>css=input[formcontrolname="searchControl"]</arg>
<arg>${value}</arg>
<tag>PageContent</tag>
<tag>Setter</tag>
<doc>Clears and fills the given ``text`` into the text field found by ``selector``.</doc>
<msg timestamp="20210509 17:36:34.915" level="INFO">Fills the text 'a' in the given field.</msg>
<status status="PASS" starttime="20210509 17:36:34.915" endtime="20210509 17:36:34.933"/>
</kw>
<status status="PASS" starttime="20210509 17:36:34.872" endtime="20210509 17:36:34.933"/>
</kw>
<kw name="Restaurant Count Should Be" library="search">
<arg>5</arg>
<kw name="Wait For Elements State" library="Browser">
<arg>${DIV_BOX_RESTAURANTS}</arg>
<arg>visible</arg>
<arg>10</arg>
<tag>PageContent</tag>
<tag>Wait</tag>
<doc>Waits for the element found by ``selector`` to satisfy state option.</doc>
<msg timestamp="20210509 17:36:36.186" level="INFO">Wait for Element with selector: css=div [class="place-info-box"][style="opacity: 1;"]</msg>
<status status="PASS" starttime="20210509 17:36:34.934" endtime="20210509 17:36:36.186"/>
</kw>
<kw name="Get Element Count" library="Browser">
<arg>${DIV_BOX_RESTAURANTS}</arg>
<arg>equal</arg>
<arg>${qtd}</arg>
<tag>Assertion</tag>
<tag>Getter</tag>
<tag>PageContent</tag>
<doc>Returns the count of elements found with ``selector``.</doc>
<status status="PASS" starttime="20210509 17:36:36.186" endtime="20210509 17:36:36.195"/>
</kw>
<status status="PASS" starttime="20210509 17:36:34.934" endtime="20210509 17:36:36.195"/>
</kw>
<kw name="Take Screenshot" library="Browser" type="TEARDOWN">
<tag>PageContent</tag>
<doc>Takes a screenshot of the current window and saves it to ``path``. Saves it as a png.</doc>
<msg timestamp="20210509 17:36:36.381" level="INFO" html="true">&lt;/td&gt;&lt;/tr&gt;&lt;tr&gt;&lt;td colspan="3"&gt;&lt;a href="browser/screenshot/robotframework-browser-screenshot-3.png"&gt;&lt;img src="browser/screenshot/robotframework-browser-screenshot-3.png" width="800px"&gt;&lt;/a&gt;</msg>
<status status="PASS" starttime="20210509 17:36:36.196" endtime="20210509 17:36:36.381"/>
</kw>
<status status="PASS" starttime="20210509 17:36:31.271" endtime="20210509 17:36:36.382"/>
</test>
<status status="PASS" starttime="20210509 17:36:12.529" endtime="20210509 17:36:36.443"/>
</suite>
<suite id="s1-s2" name="Carrinho" source="C:\rw5\parodifood\tests\carrinho.robot">
<test id="s1-s2-t1" name="Deve adicionar um item ao carrinho">
<kw name="Start Session" library="base" type="SETUP">
<kw name="New Browser" library="Browser">
<arg>chromium</arg>
<arg>False</arg>
<tag>BrowserControl</tag>
<tag>Setter</tag>
<doc>Create a new playwright Browser with specified options.
See `Browser, Context and Page` for more information about Browser and related concepts.</doc>
<msg timestamp="20210509 17:36:36.466" level="INFO">{"browser": "chromium", "headless": false, "handleSIGINT": true, "handleSIGTERM": true, "handleSIGHUP": true, "timeout": 30000.0, "devtools": false, "slowMo": 0.0}</msg>
<msg timestamp="20210509 17:36:37.617" level="INFO">Successfully created browser with options: {"browser":"chromium","headless":false,"handleSIGINT":true,"handleSIGTERM":true,"handleSIGHUP":true,"timeout":30000,"devtools":false,"slowMo":0}</msg>
<status status="PASS" starttime="20210509 17:36:36.466" endtime="20210509 17:36:37.618"/>
</kw>
<kw name="New Page" library="Browser">
<arg>http://parodifood.qaninja.academy/</arg>
<tag>BrowserControl</tag>
<tag>Setter</tag>
<doc>Open a new Page. A Page is the Playwright equivalent to a tab.
See `Browser, Context and Page` for more information about Page concept.
Returns a stable identifier for the created page.</doc>
<msg timestamp="20210509 17:36:40.599" level="INFO">Successfully initialized new page object and opened url: http://parodifood.qaninja.academy/</msg>
<status status="PASS" starttime="20210509 17:36:37.618" endtime="20210509 17:36:40.599"/>
</kw>
<kw name="Get Text" library="Browser">
<arg>css=span</arg>
<arg>contains</arg>
<arg>Nunca foi tão engraçado pedir comida</arg>
<tag>Assertion</tag>
<tag>Getter</tag>
<tag>PageContent</tag>
<doc>Returns text attribute of the element found by ``selector``.
See the `Finding elements` section for details about the selectors.</doc>
<status status="PASS" starttime="20210509 17:36:40.600" endtime="20210509 17:36:40.656"/>
</kw>
<status status="PASS" starttime="20210509 17:36:36.466" endtime="20210509 17:36:40.656"/>
</kw>
<kw name="Create Dictionary" library="BuiltIn">
<var>&amp;{restaurant}</var>
<arg>restaurant=STARBUGS COFFEE</arg>
<arg>description=Nada melhor que um café pra te ajudar a resolver um bug.</arg>
<doc>Creates and returns a dictionary based on the given ``items``.</doc>
<msg timestamp="20210509 17:36:40.657" level="INFO">&amp;{restaurant} = { restaurant=STARBUGS COFFEE | description=Nada melhor que um café pra te ajudar a resolver um bug. }</msg>
<status status="PASS" starttime="20210509 17:36:40.657" endtime="20210509 17:36:40.657"/>
</kw>
<kw name="Go To Restaurants" library="search">
<kw name="Click" library="Browser">
<arg>text=Estou com fome!</arg>
<tag>PageContent</tag>
<tag>Setter</tag>
<doc>Simulates mouse click on the element found by ``selector``.</doc>
<status status="PASS" starttime="20210509 17:36:40.658" endtime="20210509 17:36:40.735"/>
</kw>
<kw name="Get Text" library="Browser">
<arg>css=h1 strong</arg>
<arg>contains</arg>
<arg>Ta na hora de matar a fome!</arg>
<tag>Assertion</tag>
<tag>Getter</tag>
<tag>PageContent</tag>
<doc>Returns text attribute of the element found by ``selector``.
See the `Finding elements` section for details about the selectors.</doc>
<status status="PASS" starttime="20210509 17:36:40.735" endtime="20210509 17:36:40.753"/>
</kw>
<status status="PASS" starttime="20210509 17:36:40.658" endtime="20210509 17:36:40.753"/>
</kw>
<kw name="Choose Restaurants" library="search">
<arg>${restaurant}</arg>
<kw name="Click" library="Browser">
<arg>text=${super_var["restaurant"]}</arg>
<tag>PageContent</tag>
<tag>Setter</tag>
<doc>Simulates mouse click on the element found by ``selector``.</doc>
<status status="PASS" starttime="20210509 17:36:40.754" endtime="20210509 17:36:41.715"/>
</kw>
<kw name="Wait For Elements State" library="Browser">
<arg>css=#detail</arg>
<arg>visible</arg>
<arg>10</arg>
<tag>PageContent</tag>
<tag>Wait</tag>
<doc>Waits for the element found by ``selector`` to satisfy state option.</doc>
<msg timestamp="20210509 17:36:41.726" level="INFO">Wait for Element with selector: css=#detail</msg>
<status status="PASS" starttime="20210509 17:36:41.715" endtime="20210509 17:36:41.726"/>
</kw>
<kw name="Get Text" library="Browser">
<arg>css=#detail</arg>
<arg>contains</arg>
<arg>${super_var["description"]}</arg>
<tag>Assertion</tag>
<tag>Getter</tag>
<tag>PageContent</tag>
<doc>Returns text attribute of the element found by ``selector``.
See the `Finding elements` section for details about the selectors.</doc>
<status status="PASS" starttime="20210509 17:36:41.726" endtime="20210509 17:36:41.862"/>
</kw>
<status status="PASS" starttime="20210509 17:36:40.754" endtime="20210509 17:36:41.862"/>
</kw>
<kw name="Add to Cart" library="cart">
<arg>Starbugs 500 error</arg>
<kw name="Click" library="Browser">
<arg>xpath=//span[text()="${name}"]/..//a[@class="add-to-cart"]</arg>
<tag>PageContent</tag>
<tag>Setter</tag>
<doc>Simulates mouse click on the element found by ``selector``.</doc>
<status status="PASS" starttime="20210509 17:36:41.863" endtime="20210509 17:36:42.555"/>
</kw>
<status status="PASS" starttime="20210509 17:36:41.863" endtime="20210509 17:36:42.555"/>
</kw>
<kw name="Should Add to Cart" library="cart">
<arg>Starbugs 500 error</arg>
<kw name="Wait For Elements State" library="Browser">
<arg>css=#cart tr &gt;&gt; text=${name}</arg>
<arg>visible</arg>
<arg>${DEFAULT_TIMEOUT}</arg>
<tag>PageContent</tag>
<tag>Wait</tag>
<doc>Waits for the element found by ``selector`` to satisfy state option.</doc>
<msg timestamp="20210509 17:36:42.565" level="INFO">Wait for Element with selector: css=#cart tr &gt;&gt; text=Starbugs 500 error</msg>
<status status="PASS" starttime="20210509 17:36:42.557" endtime="20210509 17:36:42.565"/>
</kw>
<status status="PASS" starttime="20210509 17:36:42.556" endtime="20210509 17:36:42.566"/>
</kw>
<kw name="Total Cart Should Be" library="cart">
<arg>15,60</arg>
<kw name="Log" library="BuiltIn">
<arg>${total}</arg>
<doc>Logs the given message with the given level.</doc>
<msg timestamp="20210509 17:36:42.567" level="INFO">15,60</msg>
<status status="PASS" starttime="20210509 17:36:42.567" endtime="20210509 17:36:42.567"/>
</kw>
<kw name="Get Text" library="Browser">
<arg>xpath=//th[contains(text(),"Total")]/..//td</arg>
<arg>contains</arg>
<arg>${total}</arg>
<tag>Assertion</tag>
<tag>Getter</tag>
<tag>PageContent</tag>
<doc>Returns text attribute of the element found by ``selector``.
See the `Finding elements` section for details about the selectors.</doc>
<status status="PASS" starttime="20210509 17:36:42.567" endtime="20210509 17:36:42.582"/>
</kw>
<status status="PASS" starttime="20210509 17:36:42.566" endtime="20210509 17:36:42.582"/>
</kw>
<kw name="Take Screenshot" library="Browser" type="TEARDOWN">
<tag>PageContent</tag>
<doc>Takes a screenshot of the current window and saves it to ``path``. Saves it as a png.</doc>
<msg timestamp="20210509 17:36:42.789" level="INFO" html="true">&lt;/td&gt;&lt;/tr&gt;&lt;tr&gt;&lt;td colspan="3"&gt;&lt;a href="browser/screenshot/robotframework-browser-screenshot-4.png"&gt;&lt;img src="browser/screenshot/robotframework-browser-screenshot-4.png" width="800px"&gt;&lt;/a&gt;</msg>
<status status="PASS" starttime="20210509 17:36:42.583" endtime="20210509 17:36:42.789"/>
</kw>
<status status="PASS" starttime="20210509 17:36:36.464" endtime="20210509 17:36:42.789"/>
</test>
<test id="s1-s2-t2" name="Deve adicionar três itens ao carrinho">
<kw name="Start Session" library="base" type="SETUP">
<kw name="New Browser" library="Browser">
<arg>chromium</arg>
<arg>False</arg>
<tag>BrowserControl</tag>
<tag>Setter</tag>
<doc>Create a new playwright Browser with specified options.
See `Browser, Context and Page` for more information about Browser and related concepts.</doc>
<msg timestamp="20210509 17:36:42.848" level="INFO">{"browser": "chromium", "headless": false, "handleSIGINT": true, "handleSIGTERM": true, "handleSIGHUP": true, "timeout": 30000.0, "devtools": false, "slowMo": 0.0}</msg>
<msg timestamp="20210509 17:36:43.698" level="INFO">Successfully created browser with options: {"browser":"chromium","headless":false,"handleSIGINT":true,"handleSIGTERM":true,"handleSIGHUP":true,"timeout":30000,"devtools":false,"slowMo":0}</msg>
<status status="PASS" starttime="20210509 17:36:42.848" endtime="20210509 17:36:43.698"/>
</kw>
<kw name="New Page" library="Browser">
<arg>http://parodifood.qaninja.academy/</arg>
<tag>BrowserControl</tag>
<tag>Setter</tag>
<doc>Open a new Page. A Page is the Playwright equivalent to a tab.
See `Browser, Context and Page` for more information about Page concept.
Returns a stable identifier for the created page.</doc>
<msg timestamp="20210509 17:36:46.685" level="INFO">Successfully initialized new page object and opened url: http://parodifood.qaninja.academy/</msg>
<status status="PASS" starttime="20210509 17:36:43.698" endtime="20210509 17:36:46.685"/>
</kw>
<kw name="Get Text" library="Browser">
<arg>css=span</arg>
<arg>contains</arg>
<arg>Nunca foi tão engraçado pedir comida</arg>
<tag>Assertion</tag>
<tag>Getter</tag>
<tag>PageContent</tag>
<doc>Returns text attribute of the element found by ``selector``.
See the `Finding elements` section for details about the selectors.</doc>
<status status="PASS" starttime="20210509 17:36:46.685" endtime="20210509 17:36:46.737"/>
</kw>
<status status="PASS" starttime="20210509 17:36:42.847" endtime="20210509 17:36:46.738"/>
</kw>
<kw name="Get JSON" library="base">
<var>${cart_json}</var>
<arg>cart.json</arg>
<kw name="Get File" library="OperatingSystem">
<var>${file}</var>
<arg>${EXECDIR}/resources/fixtures/${file_name}</arg>
<doc>Returns the contents of a specified file.</doc>
<msg timestamp="20210509 17:36:46.739" level="INFO" html="true">Getting file '&lt;a href="file://C:\rw5\parodifood\resources\fixtures\cart.json"&gt;C:\rw5\parodifood\resources\fixtures\cart.json&lt;/a&gt;'.</msg>
<msg timestamp="20210509 17:36:46.741" level="INFO">${file} = {
    "restaurant": "STARBUGS COFFEE",
    "description": "Nada melhor que um café pra te ajudar a resolver um bug.",
    "products":[
        {
            "name": "Cappuccino com Chantilly"
        ...</msg>
<status status="PASS" starttime="20210509 17:36:46.738" endtime="20210509 17:36:46.741"/>
</kw>
<kw name="Evaluate" library="BuiltIn">
<var>${super_var}</var>
<arg>json.loads($file)</arg>
<arg>json</arg>
<doc>Evaluates the given expression in Python and returns the result.</doc>
<msg timestamp="20210509 17:36:46.745" level="INFO">${super_var} = {'restaurant': 'STARBUGS COFFEE', 'description': 'Nada melhor que um café pra te ajudar a resolver um bug.', 'products': [{'name': 'Cappuccino com Chantilly'}, {'name': 'Super Espreso'}, {'name': 'Sta...</msg>
<status status="PASS" starttime="20210509 17:36:46.741" endtime="20210509 17:36:46.745"/>
</kw>
<msg timestamp="20210509 17:36:46.745" level="INFO">${cart_json} = {'restaurant': 'STARBUGS COFFEE', 'description': 'Nada melhor que um café pra te ajudar a resolver um bug.', 'products': [{'name': 'Cappuccino com Chantilly'}, {'name': 'Super Espreso'}, {'name': 'Sta...</msg>
<status status="PASS" starttime="20210509 17:36:46.738" endtime="20210509 17:36:46.745"/>
</kw>
<kw name="Go To Restaurants" library="search">
<kw name="Click" library="Browser">
<arg>text=Estou com fome!</arg>
<tag>PageContent</tag>
<tag>Setter</tag>
<doc>Simulates mouse click on the element found by ``selector``.</doc>
<status status="PASS" starttime="20210509 17:36:46.745" endtime="20210509 17:36:46.820"/>
</kw>
<kw name="Get Text" library="Browser">
<arg>css=h1 strong</arg>
<arg>contains</arg>
<arg>Ta na hora de matar a fome!</arg>
<tag>Assertion</tag>
<tag>Getter</tag>
<tag>PageContent</tag>
<doc>Returns text attribute of the element found by ``selector``.
See the `Finding elements` section for details about the selectors.</doc>
<status status="PASS" starttime="20210509 17:36:46.821" endtime="20210509 17:36:46.843"/>
</kw>
<status status="PASS" starttime="20210509 17:36:46.745" endtime="20210509 17:36:46.843"/>
</kw>
<kw name="Choose Restaurants" library="search">
<arg>${cart_json}</arg>
<kw name="Click" library="Browser">
<arg>text=${super_var["restaurant"]}</arg>
<tag>PageContent</tag>
<tag>Setter</tag>
<doc>Simulates mouse click on the element found by ``selector``.</doc>
<status status="PASS" starttime="20210509 17:36:46.844" endtime="20210509 17:36:47.891"/>
</kw>
<kw name="Wait For Elements State" library="Browser">
<arg>css=#detail</arg>
<arg>visible</arg>
<arg>10</arg>
<tag>PageContent</tag>
<tag>Wait</tag>
<doc>Waits for the element found by ``selector`` to satisfy state option.</doc>
<msg timestamp="20210509 17:36:47.901" level="INFO">Wait for Element with selector: css=#detail</msg>
<status status="PASS" starttime="20210509 17:36:47.891" endtime="20210509 17:36:47.902"/>
</kw>
<kw name="Get Text" library="Browser">
<arg>css=#detail</arg>
<arg>contains</arg>
<arg>${super_var["description"]}</arg>
<tag>Assertion</tag>
<tag>Getter</tag>
<tag>PageContent</tag>
<doc>Returns text attribute of the element found by ``selector``.
See the `Finding elements` section for details about the selectors.</doc>
<status status="PASS" starttime="20210509 17:36:47.902" endtime="20210509 17:36:48.013"/>
</kw>
<status status="PASS" starttime="20210509 17:36:46.844" endtime="20210509 17:36:48.013"/>
</kw>
<for flavor="IN">
<var>${product}</var>
<value>@{cart_json["products"]}</value>
<iter>
<var name="${product}">{'name': 'Cappuccino com Chantilly'}</var>
<kw name="Add to Cart" library="cart">
<arg>${product["name"]}</arg>
<kw name="Click" library="Browser">
<arg>xpath=//span[text()="${name}"]/..//a[@class="add-to-cart"]</arg>
<tag>PageContent</tag>
<tag>Setter</tag>
<doc>Simulates mouse click on the element found by ``selector``.</doc>
<status status="PASS" starttime="20210509 17:36:48.015" endtime="20210509 17:36:48.499"/>
</kw>
<status status="PASS" starttime="20210509 17:36:48.014" endtime="20210509 17:36:48.499"/>
</kw>
<kw name="Should Add to Cart" library="cart">
<arg>${product["name"]}</arg>
<kw name="Wait For Elements State" library="Browser">
<arg>css=#cart tr &gt;&gt; text=${name}</arg>
<arg>visible</arg>
<arg>${DEFAULT_TIMEOUT}</arg>
<tag>PageContent</tag>
<tag>Wait</tag>
<doc>Waits for the element found by ``selector`` to satisfy state option.</doc>
<msg timestamp="20210509 17:36:48.509" level="INFO">Wait for Element with selector: css=#cart tr &gt;&gt; text=Cappuccino com Chantilly</msg>
<status status="PASS" starttime="20210509 17:36:48.500" endtime="20210509 17:36:48.509"/>
</kw>
<status status="PASS" starttime="20210509 17:36:48.499" endtime="20210509 17:36:48.509"/>
</kw>
<status status="PASS" starttime="20210509 17:36:48.014" endtime="20210509 17:36:48.509"/>
</iter>
<iter>
<var name="${product}">{'name': 'Super Espreso'}</var>
<kw name="Add to Cart" library="cart">
<arg>${product["name"]}</arg>
<kw name="Click" library="Browser">
<arg>xpath=//span[text()="${name}"]/..//a[@class="add-to-cart"]</arg>
<tag>PageContent</tag>
<tag>Setter</tag>
<doc>Simulates mouse click on the element found by ``selector``.</doc>
<status status="PASS" starttime="20210509 17:36:48.511" endtime="20210509 17:36:48.557"/>
</kw>
<status status="PASS" starttime="20210509 17:36:48.510" endtime="20210509 17:36:48.558"/>
</kw>
<kw name="Should Add to Cart" library="cart">
<arg>${product["name"]}</arg>
<kw name="Wait For Elements State" library="Browser">
<arg>css=#cart tr &gt;&gt; text=${name}</arg>
<arg>visible</arg>
<arg>${DEFAULT_TIMEOUT}</arg>
<tag>PageContent</tag>
<tag>Wait</tag>
<doc>Waits for the element found by ``selector`` to satisfy state option.</doc>
<msg timestamp="20210509 17:36:48.573" level="INFO">Wait for Element with selector: css=#cart tr &gt;&gt; text=Super Espreso</msg>
<status status="PASS" starttime="20210509 17:36:48.559" endtime="20210509 17:36:48.573"/>
</kw>
<status status="PASS" starttime="20210509 17:36:48.558" endtime="20210509 17:36:48.574"/>
</kw>
<status status="PASS" starttime="20210509 17:36:48.510" endtime="20210509 17:36:48.574"/>
</iter>
<iter>
<var name="${product}">{'name': 'Starbugs 500 error'}</var>
<kw name="Add to Cart" library="cart">
<arg>${product["name"]}</arg>
<kw name="Click" library="Browser">
<arg>xpath=//span[text()="${name}"]/..//a[@class="add-to-cart"]</arg>
<tag>PageContent</tag>
<tag>Setter</tag>
<doc>Simulates mouse click on the element found by ``selector``.</doc>
<status status="PASS" starttime="20210509 17:36:48.575" endtime="20210509 17:36:48.621"/>
</kw>
<status status="PASS" starttime="20210509 17:36:48.574" endtime="20210509 17:36:48.621"/>
</kw>
<kw name="Should Add to Cart" library="cart">
<arg>${product["name"]}</arg>
<kw name="Wait For Elements State" library="Browser">
<arg>css=#cart tr &gt;&gt; text=${name}</arg>
<arg>visible</arg>
<arg>${DEFAULT_TIMEOUT}</arg>
<tag>PageContent</tag>
<tag>Wait</tag>
<doc>Waits for the element found by ``selector`` to satisfy state option.</doc>
<msg timestamp="20210509 17:36:48.635" level="INFO">Wait for Element with selector: css=#cart tr &gt;&gt; text=Starbugs 500 error</msg>
<status status="PASS" starttime="20210509 17:36:48.623" endtime="20210509 17:36:48.635"/>
</kw>
<status status="PASS" starttime="20210509 17:36:48.621" endtime="20210509 17:36:48.635"/>
</kw>
<status status="PASS" starttime="20210509 17:36:48.574" endtime="20210509 17:36:48.635"/>
</iter>
<status status="PASS" starttime="20210509 17:36:48.013" endtime="20210509 17:36:48.635"/>
</for>
<kw name="Total Cart Should Be" library="cart">
<arg>${cart_json["total"]}</arg>
<kw name="Log" library="BuiltIn">
<arg>${total}</arg>
<doc>Logs the given message with the given level.</doc>
<msg timestamp="20210509 17:36:48.637" level="INFO">38,00</msg>
<status status="PASS" starttime="20210509 17:36:48.637" endtime="20210509 17:36:48.637"/>
</kw>
<kw name="Get Text" library="Browser">
<arg>xpath=//th[contains(text(),"Total")]/..//td</arg>
<arg>contains</arg>
<arg>${total}</arg>
<tag>Assertion</tag>
<tag>Getter</tag>
<tag>PageContent</tag>
<doc>Returns text attribute of the element found by ``selector``.
See the `Finding elements` section for details about the selectors.</doc>
<status status="PASS" starttime="20210509 17:36:48.637" endtime="20210509 17:36:48.652"/>
</kw>
<status status="PASS" starttime="20210509 17:36:48.636" endtime="20210509 17:36:48.652"/>
</kw>
<kw name="Take Screenshot" library="Browser" type="TEARDOWN">
<tag>PageContent</tag>
<doc>Takes a screenshot of the current window and saves it to ``path``. Saves it as a png.</doc>
<msg timestamp="20210509 17:36:48.873" level="INFO" html="true">&lt;/td&gt;&lt;/tr&gt;&lt;tr&gt;&lt;td colspan="3"&gt;&lt;a href="browser/screenshot/robotframework-browser-screenshot-5.png"&gt;&lt;img src="browser/screenshot/robotframework-browser-screenshot-5.png" width="800px"&gt;&lt;/a&gt;</msg>
<status status="PASS" starttime="20210509 17:36:48.652" endtime="20210509 17:36:48.874"/>
</kw>
<tag>temp</tag>
<status status="PASS" starttime="20210509 17:36:42.844" endtime="20210509 17:36:48.874"/>
</test>
<status status="PASS" starttime="20210509 17:36:36.449" endtime="20210509 17:36:48.931"/>
</suite>
<suite id="s1-s3" name="Pedido" source="C:\rw5\parodifood\tests\pedido.robot">
<test id="s1-s3-t1" name="Deve realizar um novo pedido em dinheiro">
<kw name="Start Session" library="base" type="SETUP">
<kw name="New Browser" library="Browser">
<arg>chromium</arg>
<arg>False</arg>
<tag>BrowserControl</tag>
<tag>Setter</tag>
<doc>Create a new playwright Browser with specified options.
See `Browser, Context and Page` for more information about Browser and related concepts.</doc>
<msg timestamp="20210509 17:36:48.964" level="INFO">{"browser": "chromium", "headless": false, "handleSIGINT": true, "handleSIGTERM": true, "handleSIGHUP": true, "timeout": 30000.0, "devtools": false, "slowMo": 0.0}</msg>
<msg timestamp="20210509 17:36:50.218" level="INFO">Successfully created browser with options: {"browser":"chromium","headless":false,"handleSIGINT":true,"handleSIGTERM":true,"handleSIGHUP":true,"timeout":30000,"devtools":false,"slowMo":0}</msg>
<status status="PASS" starttime="20210509 17:36:48.964" endtime="20210509 17:36:50.218"/>
</kw>
<kw name="New Page" library="Browser">
<arg>http://parodifood.qaninja.academy/</arg>
<tag>BrowserControl</tag>
<tag>Setter</tag>
<doc>Open a new Page. A Page is the Playwright equivalent to a tab.
See `Browser, Context and Page` for more information about Page concept.
Returns a stable identifier for the created page.</doc>
<msg timestamp="20210509 17:36:53.015" level="INFO">Successfully initialized new page object and opened url: http://parodifood.qaninja.academy/</msg>
<status status="PASS" starttime="20210509 17:36:50.218" endtime="20210509 17:36:53.015"/>
</kw>
<kw name="Get Text" library="Browser">
<arg>css=span</arg>
<arg>contains</arg>
<arg>Nunca foi tão engraçado pedir comida</arg>
<tag>Assertion</tag>
<tag>Getter</tag>
<tag>PageContent</tag>
<doc>Returns text attribute of the element found by ``selector``.
See the `Finding elements` section for details about the selectors.</doc>
<status status="PASS" starttime="20210509 17:36:53.016" endtime="20210509 17:36:53.086"/>
</kw>
<status status="PASS" starttime="20210509 17:36:48.964" endtime="20210509 17:36:53.086"/>
</kw>
<kw name="Get JSON" library="base">
<var>${order_json}</var>
<arg>order.json</arg>
<kw name="Get File" library="OperatingSystem">
<var>${file}</var>
<arg>${EXECDIR}/resources/fixtures/${file_name}</arg>
<doc>Returns the contents of a specified file.</doc>
<msg timestamp="20210509 17:36:53.088" level="INFO" html="true">Getting file '&lt;a href="file://C:\rw5\parodifood\resources\fixtures\order.json"&gt;C:\rw5\parodifood\resources\fixtures\order.json&lt;/a&gt;'.</msg>
<msg timestamp="20210509 17:36:53.091" level="INFO">${file} = {
    "restaurant": "DEBUGER KING",
    "description": "40 anos se especializando em trash food.",
    "products":[
        {
            "name": "Woopper Burger"
        },

        {
            "na...</msg>
<status status="PASS" starttime="20210509 17:36:53.087" endtime="20210509 17:36:53.091"/>
</kw>
<kw name="Evaluate" library="BuiltIn">
<var>${super_var}</var>
<arg>json.loads($file)</arg>
<arg>json</arg>
<doc>Evaluates the given expression in Python and returns the result.</doc>
<msg timestamp="20210509 17:36:53.091" level="INFO">${super_var} = {'restaurant': 'DEBUGER KING', 'description': '40 anos se especializando em trash food.', 'products': [{'name': 'Woopper Burger'}, {'name': 'Batatas Fritas'}, {'name': 'Refrigerante'}], 'total': '28,5...</msg>
<status status="PASS" starttime="20210509 17:36:53.091" endtime="20210509 17:36:53.091"/>
</kw>
<msg timestamp="20210509 17:36:53.093" level="INFO">${order_json} = {'restaurant': 'DEBUGER KING', 'description': '40 anos se especializando em trash food.', 'products': [{'name': 'Woopper Burger'}, {'name': 'Batatas Fritas'}, {'name': 'Refrigerante'}], 'total': '28,5...</msg>
<status status="PASS" starttime="20210509 17:36:53.087" endtime="20210509 17:36:53.093"/>
</kw>
<kw name="Go To Restaurants" library="search">
<kw name="Click" library="Browser">
<arg>text=Estou com fome!</arg>
<tag>PageContent</tag>
<tag>Setter</tag>
<doc>Simulates mouse click on the element found by ``selector``.</doc>
<status status="PASS" starttime="20210509 17:36:53.094" endtime="20210509 17:36:53.173"/>
</kw>
<kw name="Get Text" library="Browser">
<arg>css=h1 strong</arg>
<arg>contains</arg>
<arg>Ta na hora de matar a fome!</arg>
<tag>Assertion</tag>
<tag>Getter</tag>
<tag>PageContent</tag>
<doc>Returns text attribute of the element found by ``selector``.
See the `Finding elements` section for details about the selectors.</doc>
<status status="PASS" starttime="20210509 17:36:53.174" endtime="20210509 17:36:53.199"/>
</kw>
<status status="PASS" starttime="20210509 17:36:53.093" endtime="20210509 17:36:53.199"/>
</kw>
<kw name="Choose Restaurants" library="search">
<arg>${order_json}</arg>
<kw name="Click" library="Browser">
<arg>text=${super_var["restaurant"]}</arg>
<tag>PageContent</tag>
<tag>Setter</tag>
<doc>Simulates mouse click on the element found by ``selector``.</doc>
<status status="PASS" starttime="20210509 17:36:53.199" endtime="20210509 17:36:54.168"/>
</kw>
<kw name="Wait For Elements State" library="Browser">
<arg>css=#detail</arg>
<arg>visible</arg>
<arg>10</arg>
<tag>PageContent</tag>
<tag>Wait</tag>
<doc>Waits for the element found by ``selector`` to satisfy state option.</doc>
<msg timestamp="20210509 17:36:54.176" level="INFO">Wait for Element with selector: css=#detail</msg>
<status status="PASS" starttime="20210509 17:36:54.168" endtime="20210509 17:36:54.177"/>
</kw>
<kw name="Get Text" library="Browser">
<arg>css=#detail</arg>
<arg>contains</arg>
<arg>${super_var["description"]}</arg>
<tag>Assertion</tag>
<tag>Getter</tag>
<tag>PageContent</tag>
<doc>Returns text attribute of the element found by ``selector``.
See the `Finding elements` section for details about the selectors.</doc>
<status status="PASS" starttime="20210509 17:36:54.177" endtime="20210509 17:36:54.319"/>
</kw>
<status status="PASS" starttime="20210509 17:36:53.199" endtime="20210509 17:36:54.319"/>
</kw>
<for flavor="IN">
<var>${product}</var>
<value>@{order_json["products"]}</value>
<iter>
<var name="${product}">{'name': 'Woopper Burger'}</var>
<kw name="Add to Cart" library="cart">
<arg>${product["name"]}</arg>
<kw name="Click" library="Browser">
<arg>xpath=//span[text()="${name}"]/..//a[@class="add-to-cart"]</arg>
<tag>PageContent</tag>
<tag>Setter</tag>
<doc>Simulates mouse click on the element found by ``selector``.</doc>
<status status="PASS" starttime="20210509 17:36:54.323" endtime="20210509 17:36:54.850"/>
</kw>
<status status="PASS" starttime="20210509 17:36:54.322" endtime="20210509 17:36:54.850"/>
</kw>
<kw name="Should Add to Cart" library="cart">
<arg>${product["name"]}</arg>
<kw name="Wait For Elements State" library="Browser">
<arg>css=#cart tr &gt;&gt; text=${name}</arg>
<arg>visible</arg>
<arg>${DEFAULT_TIMEOUT}</arg>
<tag>PageContent</tag>
<tag>Wait</tag>
<doc>Waits for the element found by ``selector`` to satisfy state option.</doc>
<msg timestamp="20210509 17:36:54.860" level="INFO">Wait for Element with selector: css=#cart tr &gt;&gt; text=Woopper Burger</msg>
<status status="PASS" starttime="20210509 17:36:54.852" endtime="20210509 17:36:54.861"/>
</kw>
<status status="PASS" starttime="20210509 17:36:54.850" endtime="20210509 17:36:54.861"/>
</kw>
<status status="PASS" starttime="20210509 17:36:54.322" endtime="20210509 17:36:54.861"/>
</iter>
<iter>
<var name="${product}">{'name': 'Batatas Fritas'}</var>
<kw name="Add to Cart" library="cart">
<arg>${product["name"]}</arg>
<kw name="Click" library="Browser">
<arg>xpath=//span[text()="${name}"]/..//a[@class="add-to-cart"]</arg>
<tag>PageContent</tag>
<tag>Setter</tag>
<doc>Simulates mouse click on the element found by ``selector``.</doc>
<status status="PASS" starttime="20210509 17:36:54.862" endtime="20210509 17:36:54.909"/>
</kw>
<status status="PASS" starttime="20210509 17:36:54.861" endtime="20210509 17:36:54.909"/>
</kw>
<kw name="Should Add to Cart" library="cart">
<arg>${product["name"]}</arg>
<kw name="Wait For Elements State" library="Browser">
<arg>css=#cart tr &gt;&gt; text=${name}</arg>
<arg>visible</arg>
<arg>${DEFAULT_TIMEOUT}</arg>
<tag>PageContent</tag>
<tag>Wait</tag>
<doc>Waits for the element found by ``selector`` to satisfy state option.</doc>
<msg timestamp="20210509 17:36:54.923" level="INFO">Wait for Element with selector: css=#cart tr &gt;&gt; text=Batatas Fritas</msg>
<status status="PASS" starttime="20210509 17:36:54.910" endtime="20210509 17:36:54.923"/>
</kw>
<status status="PASS" starttime="20210509 17:36:54.910" endtime="20210509 17:36:54.924"/>
</kw>
<status status="PASS" starttime="20210509 17:36:54.861" endtime="20210509 17:36:54.924"/>
</iter>
<iter>
<var name="${product}">{'name': 'Refrigerante'}</var>
<kw name="Add to Cart" library="cart">
<arg>${product["name"]}</arg>
<kw name="Click" library="Browser">
<arg>xpath=//span[text()="${name}"]/..//a[@class="add-to-cart"]</arg>
<tag>PageContent</tag>
<tag>Setter</tag>
<doc>Simulates mouse click on the element found by ``selector``.</doc>
<status status="PASS" starttime="20210509 17:36:54.925" endtime="20210509 17:36:54.975"/>
</kw>
<status status="PASS" starttime="20210509 17:36:54.924" endtime="20210509 17:36:54.975"/>
</kw>
<kw name="Should Add to Cart" library="cart">
<arg>${product["name"]}</arg>
<kw name="Wait For Elements State" library="Browser">
<arg>css=#cart tr &gt;&gt; text=${name}</arg>
<arg>visible</arg>
<arg>${DEFAULT_TIMEOUT}</arg>
<tag>PageContent</tag>
<tag>Wait</tag>
<doc>Waits for the element found by ``selector`` to satisfy state option.</doc>
<msg timestamp="20210509 17:36:54.990" level="INFO">Wait for Element with selector: css=#cart tr &gt;&gt; text=Refrigerante</msg>
<status status="PASS" starttime="20210509 17:36:54.976" endtime="20210509 17:36:54.990"/>
</kw>
<status status="PASS" starttime="20210509 17:36:54.975" endtime="20210509 17:36:54.990"/>
</kw>
<status status="PASS" starttime="20210509 17:36:54.924" endtime="20210509 17:36:54.990"/>
</iter>
<status status="PASS" starttime="20210509 17:36:54.321" endtime="20210509 17:36:54.990"/>
</for>
<kw name="Go Checkout" library="order">
<kw name="Click" library="Browser">
<arg>text=Fechar Pedido</arg>
<tag>PageContent</tag>
<tag>Setter</tag>
<doc>Simulates mouse click on the element found by ``selector``.</doc>
<status status="PASS" starttime="20210509 17:36:54.991" endtime="20210509 17:36:55.078"/>
</kw>
<kw name="Set Variable" library="BuiltIn">
<var>${element}</var>
<arg>css=.page-header</arg>
<doc>Returns the given values which can then be assigned to a variables.</doc>
<msg timestamp="20210509 17:36:55.079" level="INFO">${element} = css=.page-header</msg>
<status status="PASS" starttime="20210509 17:36:55.078" endtime="20210509 17:36:55.079"/>
</kw>
<kw name="Wait For Elements State" library="Browser">
<arg>${element}</arg>
<arg>visible</arg>
<arg>${DEFAULT_TIMEOUT}</arg>
<tag>PageContent</tag>
<tag>Wait</tag>
<doc>Waits for the element found by ``selector`` to satisfy state option.</doc>
<msg timestamp="20210509 17:36:55.091" level="INFO">Wait for Element with selector: css=.page-header</msg>
<status status="PASS" starttime="20210509 17:36:55.080" endtime="20210509 17:36:55.092"/>
</kw>
<kw name="Get Text" library="Browser">
<arg>${element}</arg>
<arg>contains</arg>
<arg>Finalize o seu pedido</arg>
<tag>Assertion</tag>
<tag>Getter</tag>
<tag>PageContent</tag>
<doc>Returns text attribute of the element found by ``selector``.
See the `Finding elements` section for details about the selectors.</doc>
<status status="PASS" starttime="20210509 17:36:55.092" endtime="20210509 17:36:55.113"/>
</kw>
<status status="PASS" starttime="20210509 17:36:54.991" endtime="20210509 17:36:55.113"/>
</kw>
<kw name="Fill Data Customer" library="order">
<arg>${order_json["customer"]}</arg>
<kw name="Fill Text" library="Browser">
<arg>css=input[placeholder="Nome"]</arg>
<arg>${customer["name"]}</arg>
<tag>PageContent</tag>
<tag>Setter</tag>
<doc>Clears and fills the given ``text`` into the text field found by ``selector``.</doc>
<msg timestamp="20210509 17:36:55.116" level="INFO">Fills the text 'Mariana Silva' in the given field.</msg>
<status status="PASS" starttime="20210509 17:36:55.115" endtime="20210509 17:36:55.142"/>
</kw>
<kw name="Fill Text" library="Browser">
<arg>css=input[placeholder="E-mail"]</arg>
<arg>${customer["email"]}</arg>
<tag>PageContent</tag>
<tag>Setter</tag>
<doc>Clears and fills the given ``text`` into the text field found by ``selector``.</doc>
<msg timestamp="20210509 17:36:55.143" level="INFO">Fills the text 'mariana@gmail.com' in the given field.</msg>
<status status="PASS" starttime="20210509 17:36:55.142" endtime="20210509 17:36:55.170"/>
</kw>
<kw name="Fill Text" library="Browser">
<arg>css=input[placeholder^="Confirmação"]</arg>
<arg>${customer["email"]}</arg>
<tag>PageContent</tag>
<tag>Setter</tag>
<doc>Clears and fills the given ``text`` into the text field found by ``selector``.</doc>
<msg timestamp="20210509 17:36:55.171" level="INFO">Fills the text 'mariana@gmail.com' in the given field.</msg>
<status status="PASS" starttime="20210509 17:36:55.170" endtime="20210509 17:36:55.201"/>
</kw>
<kw name="Fill Text" library="Browser">
<arg>css=input[placeholder="Endereço"]</arg>
<arg>${customer["address"]}</arg>
<tag>PageContent</tag>
<tag>Setter</tag>
<doc>Clears and fills the given ``text`` into the text field found by ``selector``.</doc>
<msg timestamp="20210509 17:36:55.202" level="INFO">Fills the text 'Rua dos Bugs' in the given field.</msg>
<status status="PASS" starttime="20210509 17:36:55.201" endtime="20210509 17:36:55.227"/>
</kw>
<kw name="Fill Text" library="Browser">
<arg>css=input[placeholder="Número"]</arg>
<arg>${customer["number"]}</arg>
<tag>PageContent</tag>
<tag>Setter</tag>
<doc>Clears and fills the given ``text`` into the text field found by ``selector``.</doc>
<msg timestamp="20210509 17:36:55.228" level="INFO">Fills the text '01' in the given field.</msg>
<status status="PASS" starttime="20210509 17:36:55.227" endtime="20210509 17:36:55.253"/>
</kw>
<status status="PASS" starttime="20210509 17:36:55.114" endtime="20210509 17:36:55.253"/>
</kw>
<kw name="Select Payment Option" library="order">
<arg>${order_json["payment"]}</arg>
<if>
<branch type="IF" condition="&quot;${payment}&quot; == &quot;Dinheiro&quot;">
<kw name="Click" library="Browser">
<arg>xpath=(//mt-radio//label)[1]//div</arg>
<tag>PageContent</tag>
<tag>Setter</tag>
<doc>Simulates mouse click on the element found by ``selector``.</doc>
<status status="PASS" starttime="20210509 17:36:55.255" endtime="20210509 17:36:55.311"/>
</kw>
<status status="PASS" starttime="20210509 17:36:55.255" endtime="20210509 17:36:55.311"/>
</branch>
<branch type="ELSE IF" condition="&quot;${payment}&quot; == &quot;Cartão Débito&quot;">
<kw name="Click" library="Browser">
<arg>xpath=(//mt-radio//label)[2]//div</arg>
<tag>PageContent</tag>
<tag>Setter</tag>
<doc>Simulates mouse click on the element found by ``selector``.</doc>
<status status="NOT RUN" starttime="20210509 17:36:55.311" endtime="20210509 17:36:55.311"/>
</kw>
<status status="NOT RUN" starttime="20210509 17:36:55.311" endtime="20210509 17:36:55.311"/>
</branch>
<branch type="ELSE IF" condition="&quot;${payment}&quot; == &quot;Cartão Refeição&quot;">
<kw name="Click" library="Browser">
<arg>xpath=(//mt-radio//label)[3]//div</arg>
<tag>PageContent</tag>
<tag>Setter</tag>
<doc>Simulates mouse click on the element found by ``selector``.</doc>
<status status="NOT RUN" starttime="20210509 17:36:55.311" endtime="20210509 17:36:55.311"/>
</kw>
<status status="NOT RUN" starttime="20210509 17:36:55.311" endtime="20210509 17:36:55.312"/>
</branch>
<branch type="ELSE">
<kw name="Fail" library="BuiltIn">
<arg>Incorrect payment type</arg>
<doc>Fails the test with the given message and optionally alters its tags.</doc>
<status status="NOT RUN" starttime="20210509 17:36:55.312" endtime="20210509 17:36:55.312"/>
</kw>
<status status="NOT RUN" starttime="20210509 17:36:55.312" endtime="20210509 17:36:55.312"/>
</branch>
<status status="PASS" starttime="20210509 17:36:55.255" endtime="20210509 17:36:55.312"/>
</if>
<status status="PASS" starttime="20210509 17:36:55.254" endtime="20210509 17:36:55.312"/>
</kw>
<kw name="Pay order" library="order">
<kw name="Click" library="Browser">
<arg>text=Concluir Pedido</arg>
<tag>PageContent</tag>
<tag>Setter</tag>
<doc>Simulates mouse click on the element found by ``selector``.</doc>
<status status="PASS" starttime="20210509 17:36:55.313" endtime="20210509 17:36:55.359"/>
</kw>
<status status="PASS" starttime="20210509 17:36:55.313" endtime="20210509 17:36:55.359"/>
</kw>
<kw name="Order Should Be Completed" library="order">
<kw name="Wait For Elements State" library="Browser">
<arg>css=p &gt;&gt; text=Seu pedido foi recebido pelo restaurante.</arg>
<arg>visible</arg>
<arg>${DEFAULT_TIMEOUT}</arg>
<tag>PageContent</tag>
<tag>Wait</tag>
<doc>Waits for the element found by ``selector`` to satisfy state option.</doc>
<msg timestamp="20210509 17:36:55.672" level="INFO">Wait for Element with selector: css=p &gt;&gt; text=Seu pedido foi recebido pelo restaurante.</msg>
<status status="PASS" starttime="20210509 17:36:55.360" endtime="20210509 17:36:55.672"/>
</kw>
<status status="PASS" starttime="20210509 17:36:55.360" endtime="20210509 17:36:55.673"/>
</kw>
<kw name="Take Screenshot" library="Browser" type="TEARDOWN">
<tag>PageContent</tag>
<doc>Takes a screenshot of the current window and saves it to ``path``. Saves it as a png.</doc>
<msg timestamp="20210509 17:36:55.857" level="INFO" html="true">&lt;/td&gt;&lt;/tr&gt;&lt;tr&gt;&lt;td colspan="3"&gt;&lt;a href="browser/screenshot/robotframework-browser-screenshot-6.png"&gt;&lt;img src="browser/screenshot/robotframework-browser-screenshot-6.png" width="800px"&gt;&lt;/a&gt;</msg>
<status status="PASS" starttime="20210509 17:36:55.674" endtime="20210509 17:36:55.858"/>
</kw>
<status status="PASS" starttime="20210509 17:36:48.961" endtime="20210509 17:36:55.858"/>
</test>
<status status="PASS" starttime="20210509 17:36:48.946" endtime="20210509 17:36:55.929"/>
</suite>
<status status="PASS" starttime="20210509 17:36:12.485" endtime="20210509 17:36:55.953"/>
</suite>
<statistics>
<total>
<stat pass="6" fail="0" skip="0">All Tests</stat>
</total>
<tag>
<stat pass="1" fail="0" skip="0">temp</stat>
</tag>
<suite>
<stat pass="6" fail="0" skip="0" id="s1" name="Tests">Tests</stat>
<stat pass="3" fail="0" skip="0" id="s1-s1" name="Busca">Tests.Busca</stat>
<stat pass="2" fail="0" skip="0" id="s1-s2" name="Carrinho">Tests.Carrinho</stat>
<stat pass="1" fail="0" skip="0" id="s1-s3" name="Pedido">Tests.Pedido</stat>
</suite>
</statistics>
<errors>
</errors>
</robot>
